CRITICAL - 2022-11-21 01:21:06 --> Invalid file: FrontPage.php
in SYSTEMPATH/Exceptions/FrameworkException.php on line 33.
 1 SYSTEMPATH/View/View.php(201): CodeIgniter\Exceptions\FrameworkException::forInvalidFile()
 2 SYSTEMPATH/Common.php(1142): CodeIgniter\View\View->render()
 3 APPPATH/Controllers/FrontPageController.php(9): view()
 4 SYSTEMPATH/CodeIgniter.php(902): App\Controllers\FrontPageController->index()
 5 SYSTEMPATH/CodeIgniter.php(457): CodeIgniter\CodeIgniter->runController()
 6 SYSTEMPATH/CodeIgniter.php(340): CodeIgniter\CodeIgniter->handleRequest()
 7 FCPATH/index.php(67): CodeIgniter\CodeIgniter->run()
 8 SYSTEMPATH/Commands/Server/rewrite.php(46): require_once('FCPATH/index.php')
CRITICAL - 2022-11-21 01:21:41 --> Invalid file: FrontPage.php
in SYSTEMPATH/Exceptions/FrameworkException.php on line 33.
 1 SYSTEMPATH/View/View.php(201): CodeIgniter\Exceptions\FrameworkException::forInvalidFile()
 2 SYSTEMPATH/Common.php(1142): CodeIgniter\View\View->render()
 3 APPPATH/Controllers/FrontPageController.php(9): view()
 4 SYSTEMPATH/CodeIgniter.php(902): App\Controllers\FrontPageController->index()
 5 SYSTEMPATH/CodeIgniter.php(457): CodeIgniter\CodeIgniter->runController()
 6 SYSTEMPATH/CodeIgniter.php(340): CodeIgniter\CodeIgniter->handleRequest()
 7 FCPATH/index.php(67): CodeIgniter\CodeIgniter->run()
 8 SYSTEMPATH/Commands/Server/rewrite.php(46): require_once('FCPATH/index.php')
CRITICAL - 2022-11-21 02:32:01 --> fopen(/var/www/html/CI/writable/session/ci_session1o1oavav9r7a36out5c8uqp3de1gmdr0): Failed to open stream: Permission denied
in SYSTEMPATH/Session/Handlers/FileHandler.php on line 129.
 1 [internal function]: CodeIgniter\Debug\Exceptions->errorHandler()
 2 SYSTEMPATH/Session/Handlers/FileHandler.php(129): fopen()
 3 [internal function]: CodeIgniter\Session\Handlers\FileHandler->read()
 4 SYSTEMPATH/Session/Session.php(920): session_start()
 5 SYSTEMPATH/Session/Session.php(242): CodeIgniter\Session\Session->startSession()
 6 SYSTEMPATH/Config/Services.php(665): CodeIgniter\Session\Session->start()
 7 SYSTEMPATH/Config/BaseService.php(253): CodeIgniter\Config\Services::session()
 8 SYSTEMPATH/Config/BaseService.php(194): CodeIgniter\Config\BaseService::__callStatic()
 9 SYSTEMPATH/Config/Services.php(637): CodeIgniter\Config\BaseService::getSharedInstance()
10 SYSTEMPATH/Config/BaseService.php(253): CodeIgniter\Config\Services::session()
11 SYSTEMPATH/Common.php(939): CodeIgniter\Config\BaseService::__callStatic()
12 APPPATH/Views/signin.php(28): session()
13 SYSTEMPATH/View/View.php(213): include('APPPATH/Views/signin.php')
14 SYSTEMPATH/View/View.php(216): CodeIgniter\View\View->CodeIgniter\View\{closure}()
15 SYSTEMPATH/Common.php(1142): CodeIgniter\View\View->render()
16 APPPATH/Controllers/SigninController.php(21): view()
17 SYSTEMPATH/CodeIgniter.php(902): App\Controllers\SigninController->index()
18 SYSTEMPATH/CodeIgniter.php(457): CodeIgniter\CodeIgniter->runController()
19 SYSTEMPATH/CodeIgniter.php(340): CodeIgniter\CodeIgniter->handleRequest()
20 FCPATH/index.php(67): CodeIgniter\CodeIgniter->run()
21 SYSTEMPATH/Commands/Server/rewrite.php(46): require_once('FCPATH/index.php')
