CRITICAL - 2022-11-30 20:33:53 --> Class "Controller" not found
in APPPATH/Controllers/FormsController.php on line 2.
 1 SYSTEMPATH/Autoloader/Autoloader.php(282): include_once()
 2 SYSTEMPATH/Autoloader/Autoloader.php(259): CodeIgniter\Autoloader\Autoloader->includeFile()
 3 SYSTEMPATH/Autoloader/Autoloader.php(237): CodeIgniter\Autoloader\Autoloader->loadInNamespace()
 4 [internal function]: CodeIgniter\Autoloader\Autoloader->loadClass()
 5 SYSTEMPATH/CodeIgniter.php(852): class_exists()
 6 SYSTEMPATH/CodeIgniter.php(444): CodeIgniter\CodeIgniter->startController()
 7 SYSTEMPATH/CodeIgniter.php(340): CodeIgniter\CodeIgniter->handleRequest()
 8 FCPATH/index.php(67): CodeIgniter\CodeIgniter->run()
CRITICAL - 2022-11-30 20:34:10 --> Class "BaseController" not found
in APPPATH/Controllers/FormsController.php on line 2.
 1 SYSTEMPATH/Autoloader/Autoloader.php(282): include_once()
 2 SYSTEMPATH/Autoloader/Autoloader.php(259): CodeIgniter\Autoloader\Autoloader->includeFile()
 3 SYSTEMPATH/Autoloader/Autoloader.php(237): CodeIgniter\Autoloader\Autoloader->loadInNamespace()
 4 [internal function]: CodeIgniter\Autoloader\Autoloader->loadClass()
 5 SYSTEMPATH/CodeIgniter.php(852): class_exists()
 6 SYSTEMPATH/CodeIgniter.php(444): CodeIgniter\CodeIgniter->startController()
 7 SYSTEMPATH/CodeIgniter.php(340): CodeIgniter\CodeIgniter->handleRequest()
 8 FCPATH/index.php(67): CodeIgniter\CodeIgniter->run()
CRITICAL - 2022-11-30 20:34:32 --> Class "Controller" not found
in APPPATH/Controllers/FormsController.php on line 2.
 1 SYSTEMPATH/Autoloader/Autoloader.php(282): include_once()
 2 SYSTEMPATH/Autoloader/Autoloader.php(259): CodeIgniter\Autoloader\Autoloader->includeFile()
 3 SYSTEMPATH/Autoloader/Autoloader.php(237): CodeIgniter\Autoloader\Autoloader->loadInNamespace()
 4 [internal function]: CodeIgniter\Autoloader\Autoloader->loadClass()
 5 SYSTEMPATH/CodeIgniter.php(852): class_exists()
 6 SYSTEMPATH/CodeIgniter.php(444): CodeIgniter\CodeIgniter->startController()
 7 SYSTEMPATH/CodeIgniter.php(340): CodeIgniter\CodeIgniter->handleRequest()
 8 FCPATH/index.php(67): CodeIgniter\CodeIgniter->run()
CRITICAL - 2022-11-30 20:36:53 --> Class "Controller" not found
in APPPATH/Controllers/FormsController.php on line 2.
 1 SYSTEMPATH/Autoloader/Autoloader.php(282): include_once()
 2 SYSTEMPATH/Autoloader/Autoloader.php(259): CodeIgniter\Autoloader\Autoloader->includeFile()
 3 SYSTEMPATH/Autoloader/Autoloader.php(237): CodeIgniter\Autoloader\Autoloader->loadInNamespace()
 4 [internal function]: CodeIgniter\Autoloader\Autoloader->loadClass()
 5 SYSTEMPATH/CodeIgniter.php(852): class_exists()
 6 SYSTEMPATH/CodeIgniter.php(444): CodeIgniter\CodeIgniter->startController()
 7 SYSTEMPATH/CodeIgniter.php(340): CodeIgniter\CodeIgniter->handleRequest()
 8 FCPATH/index.php(67): CodeIgniter\CodeIgniter->run()
CRITICAL - 2022-11-30 20:36:54 --> Class "Controller" not found
in APPPATH/Controllers/FormsController.php on line 2.
 1 SYSTEMPATH/Autoloader/Autoloader.php(282): include_once()
 2 SYSTEMPATH/Autoloader/Autoloader.php(259): CodeIgniter\Autoloader\Autoloader->includeFile()
 3 SYSTEMPATH/Autoloader/Autoloader.php(237): CodeIgniter\Autoloader\Autoloader->loadInNamespace()
 4 [internal function]: CodeIgniter\Autoloader\Autoloader->loadClass()
 5 SYSTEMPATH/CodeIgniter.php(852): class_exists()
 6 SYSTEMPATH/CodeIgniter.php(444): CodeIgniter\CodeIgniter->startController()
 7 SYSTEMPATH/CodeIgniter.php(340): CodeIgniter\CodeIgniter->handleRequest()
 8 FCPATH/index.php(67): CodeIgniter\CodeIgniter->run()
CRITICAL - 2022-11-30 23:37:09 --> Invalid file: edit_user.php
in SYSTEMPATH/Exceptions/FrameworkException.php on line 33.
 1 SYSTEMPATH/View/View.php(201): CodeIgniter\Exceptions\FrameworkException::forInvalidFile()
 2 SYSTEMPATH/Common.php(1142): CodeIgniter\View\View->render()
 3 APPPATH/Controllers/UserCrud.php(32): view()
 4 SYSTEMPATH/CodeIgniter.php(902): App\Controllers\UserCrud->singleUser()
 5 SYSTEMPATH/CodeIgniter.php(457): CodeIgniter\CodeIgniter->runController()
 6 SYSTEMPATH/CodeIgniter.php(340): CodeIgniter\CodeIgniter->handleRequest()
 7 FCPATH/index.php(67): CodeIgniter\CodeIgniter->run()
